BlinkIDDemoCustomSegmentScan/build/outputs/logs/manifest-merger-debug-report.txt
-- Merging decision tree log ---
manifest
ADDED from src/main/AndroidManifest.xml:2:1-59:12
	xmlns:tools
		ADDED from src/main/AndroidManifest.xml:3:5-51
	xmlns:android
		ADDED from src/main/AndroidManifest.xml:2:11-69
	package
		ADDED from src/main/AndroidManifest.xml:4:5-37
		INJECTED from src/main/AndroidManifest.xml
		INJECTED from src/main/AndroidManifest.xml
	android:versionName
		ADDED from src/main/AndroidManifest.xml:7:5-30
	android:versionCode
		ADDED from src/main/AndroidManifest.xml:6:5-28
		INJECTED from src/main/AndroidManifest.xml
		INJECTED from src/main/AndroidManifest.xml
	android:installLocation
		ADDED from src/main/AndroidManifest.xml:5:5-35
uses-sdk
ADDED from src/main/AndroidManifest.xml:9:5-11:41
MERGED from [com.microblink:blinkid:1.9.0] AndroidManifest.xml:8:5-10:41
MERGED from [com.android.support:support-v4:23.0.1] AndroidManifest.xml:20:5-43
	android:targetSdkVersion
		ADDED from src/main/AndroidManifest.xml:11:9-38
		INJECTED from src/main/AndroidManifest.xml
		INJECTED from src/main/AndroidManifest.xml
	android:minSdkVersion
		ADDED from src/main/AndroidManifest.xml:10:9-34
		INJECTED from src/main/AndroidManifest.xml
		INJECTED from src/main/AndroidManifest.xml
uses-permission#android.permission.CAMERA
ADDED from src/main/AndroidManifest.xml:13:5-65
MERGED from [com.microblink:blinkid:1.9.0] AndroidManifest.xml:19:5-65
	android:name
		ADDED from src/main/AndroidManifest.xml:13:22-62
uses-permission#android.permission.FLASHLIGHT
ADDED from src/main/AndroidManifest.xml:14:5-69
MERGED from [com.microblink:blinkid:1.9.0] AndroidManifest.xml:20:5-69
	android:name
		ADDED from src/main/AndroidManifest.xml:14:22-66
uses-permission#android.permission.WRITE_EXTERNAL_STORAGE
ADDED from src/main/AndroidManifest.xml:15:5-81
	android:name
		ADDED from src/main/AndroidManifest.xml:15:22-78
uses-feature#android.hardware.camera
ADDED from src/main/AndroidManifest.xml:17:5-60
MERGED from [com.microblink:blinkid:1.9.0] AndroidManifest.xml:22:5-60
	android:name
		ADDED from src/main/AndroidManifest.xml:17:19-57
uses-feature#android.hardware.camera.autofocus
ADDED from src/main/AndroidManifest.xml:18:5-20:36
MERGED from [com.microblink:blinkid:1.9.0] AndroidManifest.xml:23:5-25:36
	android:required
		ADDED from src/main/AndroidManifest.xml:20:9-33
	android:name
		ADDED from src/main/AndroidManifest.xml:19:9-57
uses-feature#android.hardware.camera.flash
ADDED from src/main/AndroidManifest.xml:21:5-23:36
MERGED from [com.microblink:blinkid:1.9.0] AndroidManifest.xml:26:5-28:36
	android:required
		ADDED from src/main/AndroidManifest.xml:23:9-33
	android:name
		ADDED from src/main/AndroidManifest.xml:22:9-53
android:uses-permission#android.permission.READ_PHONE_STATE
ADDED from src/main/AndroidManifest.xml:25:5-83
	android:name
		ADDED from src/main/AndroidManifest.xml:25:30-80
android:uses-permission#android.permission.READ_EXTERNAL_STORAGE
ADDED from src/main/AndroidManifest.xml:26:5-28:38
	android:maxSdkVersion
		ADDED from src/main/AndroidManifest.xml:28:9-35
	android:name
		ADDED from src/main/AndroidManifest.xml:27:9-64
application
ADDED from src/main/AndroidManifest.xml:30:5-57:19
MERGED from [com.microblink:blinkid:1.9.0] AndroidManifest.xml:34:5-54:19
MERGED from [com.android.support:support-v4:23.0.1] AndroidManifest.xml:22:5-20
	android:label
		ADDED from src/main/AndroidManifest.xml:33:9-41
	android:allowBackup
		ADDED from src/main/AndroidManifest.xml:31:9-35
	android:icon
		ADDED from src/main/AndroidManifest.xml:32:9-45
	android:largeHeap
		ADDED from src/main/AndroidManifest.xml:34:9-33
activity#com.microblink.blinkid.ScanActivity
ADDED from src/main/AndroidManifest.xml:35:9-39:20
	android:screenOrientation
		ADDED from src/main/AndroidManifest.xml:38:13-49
	android:label
		ADDED from src/main/AndroidManifest.xml:37:13-56
	android:name
		ADDED from src/main/AndroidManifest.xml:36:13-63
activity#com.microblink.blinkid.FullScreenOCR
ADDED from src/main/AndroidManifest.xml:40:9-44:20
	android:screenOrientation
		ADDED from src/main/AndroidManifest.xml:43:13-49
	android:label
		ADDED from src/main/AndroidManifest.xml:42:13-56
	android:name
		ADDED from src/main/AndroidManifest.xml:41:13-64
activity#com.microblink.help.HelpActivity
ADDED from src/main/AndroidManifest.xml:45:9-48:20
	android:screenOrientation
		ADDED from src/main/AndroidManifest.xml:47:13-49
	android:name
		ADDED from src/main/AndroidManifest.xml:46:13-60
activity#com.microblink.blinkid.MainActivity
ADDED from src/main/AndroidManifest.xml:49:9-56:20
	android:name
		ADDED from src/main/AndroidManifest.xml:50:13-63
intent-filter#android.intent.action.MAIN+android.intent.category.LAUNCHER
ADDED from src/main/AndroidManifest.xml:51:13-55:29
action#android.intent.action.MAIN
ADDED from src/main/AndroidManifest.xml:52:17-69
	android:name
		ADDED from src/main/AndroidManifest.xml:52:25-66
category#android.intent.category.LAUNCHER
ADDED from src/main/AndroidManifest.xml:54:17-77
	android:name
		ADDED from src/main/AndroidManifest.xml:54:27-74
supports-screens
ADDED from [com.microblink:blinkid:1.9.0] AndroidManifest.xml:12:5-17:39
	android:resizeable
		ADDED from [com.microblink:blinkid:1.9.0] AndroidManifest.xml:16:9-34
	android:largeScreens
		ADDED from [com.microblink:blinkid:1.9.0] AndroidManifest.xml:14:9-36
	android:anyDensity
		ADDED from [com.microblink:blinkid:1.9.0] AndroidManifest.xml:13:9-34
	android:normalScreens
		ADDED from [com.microblink:blinkid:1.9.0] AndroidManifest.xml:15:9-37
	android:smallScreens
		ADDED from [com.microblink:blinkid:1.9.0] AndroidManifest.xml:17:9-36
uses-feature#0x00020000
ADDED from [com.microblink:blinkid:1.9.0] AndroidManifest.xml:29:5-32:20
	android:required
		ADDED from [com.microblink:blinkid:1.9.0] AndroidManifest.xml:31:9-33
	android:glEsVersion
		ADDED from [com.microblink:blinkid:1.9.0] AndroidManifest.xml:30:9-41
activity#com.microblink.activity.ScanActivity
ADDED from [com.microblink:blinkid:1.9.0] AndroidManifest.xml:35:9-39:20
	android:screenOrientation
		ADDED from [com.microblink:blinkid:1.9.0] AndroidManifest.xml:38:13-49
	android:configChanges
		ADDED from [com.microblink:blinkid:1.9.0] AndroidManifest.xml:37:13-59
	android:name
		ADDED from [com.microblink:blinkid:1.9.0] AndroidManifest.xml:36:13-64
activity#com.microblink.activity.ScanCard
ADDED from [com.microblink:blinkid:1.9.0] AndroidManifest.xml:40:9-44:20
	android:screenOrientation
		ADDED from [com.microblink:blinkid:1.9.0] AndroidManifest.xml:43:13-49
	android:configChanges
		ADDED from [com.microblink:blinkid:1.9.0] AndroidManifest.xml:42:13-59
	android:name
		ADDED from [com.microblink:blinkid:1.9.0] AndroidManifest.xml:41:13-60
activity#com.microblink.activity.Pdf417ScanActivity
ADDED from [com.microblink:blinkid:1.9.0] AndroidManifest.xml:45:9-49:20
	android:screenOrientation
		ADDED from [com.microblink:blinkid:1.9.0] AndroidManifest.xml:48:13-49
	android:configChanges
		ADDED from [com.microblink:blinkid:1.9.0] AndroidManifest.xml:47:13-59
	android:name
		ADDED from [com.microblink:blinkid:1.9.0] AndroidManifest.xml:46:13-70
activity#com.microblink.activity.BlinkOCRActivity
ADDED from [com.microblink:blinkid:1.9.0] AndroidManifest.xml:50:9-53:52
	android:screenOrientation
		ADDED from [com.microblink:blinkid:1.9.0] AndroidManifest.xml:53:13-49
	android:configChanges
		ADDED from [com.microblink:blinkid:1.9.0] AndroidManifest.xml:52:13-59
	android:name
		ADDED from [com.microblink:blinkid:1.9.0] AndroidManifest.xml:51:13-68